[LOG] main:866: connected by 127.0.0.1:14017, conn:4
[LOG] main:872: ==> bind thread #140235897587456
[LOG] get_unused_session:186: alloc unused session id #0
[LOG] session_start:774: build session #0
[LOG] client_command_user_login:407: user 'as' try to login
[LOG] client_command_user_login:424: user 'as' login success
[LOG] session_start:783: state of user 'as': 2
[LOG] client_command_fetch_all_friends:482: user 0@'as' tries to fetch all friends' info
[LOG] list_all_users:451: list_all_users: found 'as'
[LOG] session_start:783: state of user 'as': 2
[LOG] main:866: connected by 127.0.0.1:14529, conn:5
[LOG] main:872: ==> bind thread #140235889194752
[LOG] get_unused_session:186: alloc unused session id #1
[LOG] session_start:774: build session #1
[LOG] client_command_user_login:407: user 'qw' try to login
[LOG] client_command_user_login:410: ==> check dup user id: 'qw' vs. 'as'
[LOG] client_command_user_login:424: user 'qw' login success
[LOG] session_start:783: state of user 'qw': 2
[LOG] client_command_fetch_all_friends:482: user 1@'qw' tries to fetch all friends' info
[LOG] list_all_users:451: list_all_users: found 'as'
[LOG] list_all_users:451: list_all_users: found 'qw'
[LOG] session_start:783: state of user 'qw': 2
[LOG] client_command_launch_battle:545: user 'as' tries to launch battle
[LOG] get_unalloced_battle:165: alloc unalloced battle id #0
[LOG] client_command_launch_battle:551: as launch battle with qw
[LOG] client_command_launch_battle:558: ==> launch battle 0 for as, invite qw
[LOG] find_uid_by_user_name:131: find user 'qw'
[LOG] find_uid_by_user_name:144: ==> found: 1@qw
[LOG] invite_friend_to_battle:520: ==> friend 1@'qw' found
[LOG] user_join_battle_common_part:99: user as join in battle 0(0 users)
[LOG] user_join_battle_common_part:109: alloc position (21, 14) for launcher #0@as
[LOG] user_join_battle_common_part:99: user qw join in battle 0(1 users)
[LOG] user_join_battle_common_part:109: alloc position (48, 7) for launcher #1@qw
[LOG] launch_battle:388: try to create battle_ruler thread
[LOG] user_join_battle_common_part:99: user as join in battle 0(2 users)
[LOG] user_join_battle_common_part:109: alloc position (22, 10) for launcher #0@as
[LOG] battle_ruler:367: battle ruler for battle #0
[LOG] session_start:783: state of user 'as': 3
[LOG] client_command_move_left:676: user as move left
[LOG] session_start:783: state of user 'as': 3
[LOG] client_command_move_left:676: user as move left
[LOG] session_start:783: state of user 'as': 3
[LOG] client_command_move_left:676: user as move left
[LOG] session_start:783: state of user 'as': 3
[LOG] client_command_move_right:686: user as move right
[LOG] session_start:783: state of user 'as': 3
[LOG] client_command_move_right:686: user as move right
[LOG] session_start:783: state of user 'as': 3
[LOG] client_command_accept_battle:597: user qw accept battle #0
[LOG] user_join_battle_common_part:99: user qw join in battle 0(3 users)
[LOG] user_join_battle_common_part:109: alloc position (57, 5) for launcher #1@qw
[LOG] client_command_accept_battle:614: ==> accept success
[LOG] session_start:783: state of user 'qw': 3
[LOG] client_command_move_left:676: user qw move left
[LOG] session_start:783: state of user 'qw': 3
[LOG] client_command_move_left:676: user qw move left
[LOG] session_start:783: state of user 'qw': 3
[LOG] client_command_move_left:676: user qw move left
[LOG] session_start:783: state of user 'qw': 3
[LOG] client_command_move_down:666: user qw move down
[LOG] session_start:783: state of user 'qw': 3
[LOG] client_command_move_down:666: user qw move down
[LOG] session_start:783: state of user 'qw': 3
[LOG] client_command_move_down:666: user qw move down
[LOG] session_start:783: state of user 'qw': 3
[LOG] client_command_move_left:676: user qw move left
[LOG] session_start:783: state of user 'qw': 3
[LOG] client_command_move_left:676: user qw move left
[LOG] session_start:783: state of user 'qw': 3
[LOG] client_command_quit_battle:569: user 1@qw tries to quit battle
[LOG] client_command_quit_battle:574: ==> call user_quit_battle to quit
[LOG] user_quit_battle:73: user qw quit from battle 0(4 users)
[LOG] session_start:783: state of user 'qw': 2
[LOG] main:866: connected by 127.0.0.1:15553, conn:6
[LOG] main:872: ==> bind thread #140235872409344
[LOG] get_unused_session:186: alloc unused session id #2
[LOG] session_start:774: build session #2
[LOG] client_command_user_login:407: user '123' try to login
[LOG] client_command_user_login:410: ==> check dup user id: '123' vs. 'as'
[LOG] client_command_user_login:410: ==> check dup user id: '123' vs. 'qw'
[LOG] client_command_user_login:424: user '123' login success
[LOG] session_start:783: state of user '123': 2
[LOG] client_command_fetch_all_friends:482: user 2@'123' tries to fetch all friends' info
[LOG] list_all_users:451: list_all_users: found 'as' in battle
[LOG] list_all_users:451: list_all_users: found 'qw'
[LOG] list_all_users:451: list_all_users: found '123'
[LOG] session_start:783: state of user '123': 2
[LOG] client_command_accept_battle:597: user 123 accept battle #0
[LOG] client_command_accept_battle:621: ==> hasn't been invited
[LOG] session_start:783: state of user '123': 2
[LOG] client_command_quit_battle:569: user 2@123 tries to quit battle
[LOG] client_command_quit_battle:571: ==> but he hasn't join battle
[LOG] session_start:783: state of user '123': 2
[LOG] client_command_user_logout:441: user 2@123 logout
[LOG] session_start:783: state of user '123': 1
[LOG] client_command_quit:649: user 2@123 quit
[LOG] session_start:783: state of user '123': 0
[LOG] session_start:785: close session #2
[LOG] main:866: connected by 127.0.0.1:23745, conn:7
[LOG] main:872: ==> bind thread #140235864016640
[LOG] get_unused_session:186: alloc unused session id #2
[LOG] session_start:774: build session #2
[LOG] client_command_user_login:407: user '456' try to login
[LOG] client_command_user_login:410: ==> check dup user id: '456' vs. 'as'
[LOG] client_command_user_login:410: ==> check dup user id: '456' vs. 'qw'
[LOG] client_command_user_login:424: user '456' login success
[LOG] session_start:783: state of user '456': 2
[LOG] client_command_fetch_all_friends:482: user 2@'456' tries to fetch all friends' info
[LOG] list_all_users:451: list_all_users: found 'as' in battle
[LOG] list_all_users:451: list_all_users: found 'qw'
[LOG] list_all_users:451: list_all_users: found '456'
[LOG] session_start:783: state of user '456': 2
[LOG] client_command_accept_battle:597: user 456 accept battle #0
[LOG] client_command_accept_battle:621: ==> hasn't been invited
[LOG] session_start:783: state of user '456': 2
[LOG] client_command_quit_battle:569: user 2@456 tries to quit battle
[LOG] client_command_quit_battle:571: ==> but he hasn't join battle
[LOG] session_start:783: state of user '456': 2
[LOG] client_command_user_logout:441: user 2@456 logout
[LOG] session_start:783: state of user '456': 1
[LOG] client_command_quit:649: user 2@456 quit
[LOG] session_start:783: state of user '456': 0
[LOG] session_start:785: close session #2
[LOG] find_uid_by_user_name:131: find user 'qw'
[LOG] find_uid_by_user_name:144: ==> found: 1@qw
[LOG] client_command_invite_user:584: user 0@as tries to invite friend
[LOG] client_command_invite_user:590: ==> invite user qw to battle #0
[LOG] find_uid_by_user_name:131: find user 'qw'
[LOG] find_uid_by_user_name:144: ==> found: 1@qw
[LOG] invite_friend_to_battle:520: ==> friend 1@'qw' found
[LOG] user_join_battle_common_part:99: user as join in battle 0(3 users)
[LOG] user_join_battle_common_part:109: alloc position (43, 1) for launcher #0@as
[LOG] user_join_battle_common_part:99: user qw join in battle 0(4 users)
[LOG] user_join_battle_common_part:109: alloc position (35, 17) for launcher #1@qw
[LOG] session_start:783: state of user 'as': 3
[LOG] client_command_accept_battle:597: user qw accept battle #0
[LOG] user_join_battle_common_part:99: user qw join in battle 0(5 users)
[LOG] user_join_battle_common_part:109: alloc position (11, 10) for launcher #1@qw
[LOG] client_command_accept_battle:614: ==> accept success
[LOG] session_start:783: state of user 'qw': 3
[LOG] client_command_move_left:676: user qw move left
[LOG] session_start:783: state of user 'qw': 3
[LOG] client_command_move_right:686: user qw move right
[LOG] session_start:783: state of user 'qw': 3
[LOG] client_command_move_right:686: user qw move right
[LOG] session_start:783: state of user 'qw': 3
[LOG] client_command_move_right:686: user qw move right
[LOG] session_start:783: state of user 'qw': 3
[LOG] client_command_move_right:686: user qw move right
[LOG] session_start:783: state of user 'qw': 3
[LOG] client_command_move_right:686: user qw move right
[LOG] session_start:783: state of user 'qw': 3
[LOG] client_command_move_right:686: user qw move right
[LOG] session_start:783: state of user 'qw': 3
[LOG] client_command_move_right:686: user qw move right
[LOG] session_start:783: state of user 'qw': 3
[LOG] client_command_move_right:686: user qw move right
[LOG] session_start:783: state of user 'qw': 3
[LOG] client_command_move_right:686: user qw move right
[LOG] session_start:783: state of user 'qw': 3
[LOG] client_command_move_right:686: user qw move right
[LOG] session_start:783: state of user 'qw': 3
[LOG] client_command_move_right:686: user qw move right
[LOG] session_start:783: state of user 'qw': 3
[LOG] client_command_move_right:686: user qw move right
[LOG] session_start:783: state of user 'qw': 3
[LOG] client_command_move_right:686: user qw move right
[LOG] session_start:783: state of user 'qw': 3
[LOG] client_command_move_right:686: user qw move right
[LOG] session_start:783: state of user 'qw': 3
[LOG] client_command_move_right:686: user qw move right
[LOG] session_start:783: state of user 'qw': 3
[LOG] client_command_move_right:686: user qw move right
[LOG] session_start:783: state of user 'qw': 3
[LOG] client_command_move_right:686: user qw move right
[LOG] session_start:783: state of user 'qw': 3
[LOG] client_command_move_right:686: user qw move right
[LOG] session_start:783: state of user 'qw': 3
[LOG] client_command_move_right:686: user qw move right
[LOG] session_start:783: state of user 'qw': 3
[LOG] client_command_move_right:686: user qw move right
[LOG] session_start:783: state of user 'qw': 3
[LOG] client_command_move_right:686: user qw move right
[LOG] session_start:783: state of user 'qw': 3
[LOG] client_command_move_right:686: user qw move right
[LOG] session_start:783: state of user 'qw': 3
[LOG] client_command_move_right:686: user qw move right
[LOG] session_start:783: state of user 'qw': 3
[LOG] client_command_move_right:686: user qw move right
[LOG] session_start:783: state of user 'qw': 3
[LOG] client_command_move_right:686: user qw move right
[LOG] session_start:783: state of user 'qw': 3
[LOG] client_command_move_right:686: user qw move right
[LOG] session_start:783: state of user 'qw': 3
[LOG] client_command_move_right:686: user qw move right
[LOG] session_start:783: state of user 'qw': 3
[LOG] client_command_move_right:686: user qw move right
[LOG] session_start:783: state of user 'qw': 3
[LOG] client_command_move_right:686: user qw move right
[LOG] session_start:783: state of user 'qw': 3
[LOG] client_command_move_right:686: user qw move right
[LOG] session_start:783: state of user 'qw': 3
[LOG] client_command_move_right:686: user qw move right
[LOG] session_start:783: state of user 'qw': 3
[LOG] client_command_move_right:686: user qw move right
[LOG] session_start:783: state of user 'qw': 3
[LOG] client_command_move_up:656: user qw move up
[LOG] session_start:783: state of user 'qw': 3
[LOG] client_command_move_up:656: user qw move up
[LOG] session_start:783: state of user 'qw': 3
[LOG] client_command_move_up:656: user qw move up
[LOG] session_start:783: state of user 'qw': 3
[LOG] client_command_fire:696: user qw fire
[LOG] session_start:783: state of user 'qw': 3
[LOG] client_command_fire:696: user qw fire
[LOG] session_start:783: state of user 'qw': 3
[LOG] client_command_fire:696: user qw fire
[LOG] session_start:783: state of user 'qw': 3
[LOG] client_command_fire:696: user qw fire
[LOG] session_start:783: state of user 'qw': 3
[LOG] client_command_move_up:656: user qw move up
[LOG] session_start:783: state of user 'qw': 3
[LOG] client_command_move_up:656: user qw move up
[LOG] session_start:783: state of user 'qw': 3
[LOG] client_command_move_up:656: user qw move up
[LOG] session_start:783: state of user 'qw': 3
[LOG] client_command_move_up:656: user qw move up
[LOG] session_start:783: state of user 'qw': 3
[LOG] client_command_fire:696: user qw fire
[LOG] session_start:783: state of user 'qw': 3
[LOG] client_command_fire:696: user qw fire
[LOG] session_start:783: state of user 'qw': 3
[LOG] client_command_move_right:686: user qw move right
[LOG] session_start:783: state of user 'qw': 3
[LOG] client_command_move_up:656: user qw move up
[LOG] session_start:783: state of user 'qw': 3
[LOG] client_command_move_up:656: user qw move up
[LOG] session_start:783: state of user 'qw': 3
[LOG] client_command_fire:696: user qw fire
[LOG] session_start:783: state of user 'qw': 3
[LOG] client_command_fire:696: user qw fire
[LOG] session_start:783: state of user 'qw': 3
[LOG] client_command_fire:696: user qw fire
[LOG] session_start:783: state of user 'qw': 3
[LOG] client_command_move_left:676: user qw move left
[LOG] session_start:783: state of user 'qw': 3
[LOG] client_command_move_left:676: user qw move left
[LOG] session_start:783: state of user 'qw': 3
[LOG] client_command_move_left:676: user qw move left
[LOG] session_start:783: state of user 'qw': 3
[LOG] client_command_move_left:676: user qw move left
[LOG] session_start:783: state of user 'qw': 3
[LOG] client_command_move_left:676: user qw move left
[LOG] session_start:783: state of user 'qw': 3
[LOG] client_command_move_left:676: user qw move left
[LOG] session_start:783: state of user 'qw': 3
[LOG] client_command_move_left:676: user qw move left
[LOG] session_start:783: state of user 'qw': 3
[LOG] client_command_move_left:676: user qw move left
[LOG] session_start:783: state of user 'qw': 3
[LOG] client_command_move_left:676: user qw move left
[LOG] session_start:783: state of user 'qw': 3
[LOG] client_command_move_left:676: user qw move left
[LOG] session_start:783: state of user 'qw': 3
[LOG] client_command_move_left:676: user qw move left
[LOG] session_start:783: state of user 'qw': 3
[LOG] client_command_move_left:676: user qw move left
[LOG] session_start:783: state of user 'qw': 3
[LOG] client_command_move_left:676: user qw move left
[LOG] session_start:783: state of user 'qw': 3
[LOG] client_command_move_left:676: user qw move left
[LOG] session_start:783: state of user 'qw': 3
[LOG] client_command_move_left:676: user qw move left
[LOG] session_start:783: state of user 'qw': 3
[LOG] client_command_move_left:676: user qw move left
[LOG] session_start:783: state of user 'qw': 3
[LOG] client_command_move_left:676: user qw move left
[LOG] session_start:783: state of user 'qw': 3
[LOG] client_command_move_left:676: user qw move left
[LOG] session_start:783: state of user 'qw': 3
[LOG] client_command_move_left:676: user qw move left
[LOG] session_start:783: state of user 'qw': 3
[LOG] client_command_move_down:666: user qw move down
[LOG] session_start:783: state of user 'qw': 3
[LOG] client_command_move_down:666: user qw move down
[LOG] session_start:783: state of user 'qw': 3
[LOG] client_command_move_down:666: user qw move down
[LOG] session_start:783: state of user 'qw': 3
[LOG] client_command_move_down:666: user qw move down
[LOG] session_start:783: state of user 'qw': 3
[LOG] client_command_move_down:666: user qw move down
[LOG] session_start:783: state of user 'qw': 3
[LOG] client_command_move_down:666: user qw move down
[LOG] session_start:783: state of user 'qw': 3
[LOG] client_command_move_down:666: user qw move down
[LOG] session_start:783: state of user 'qw': 3
[LOG] client_command_move_down:666: user qw move down
[LOG] session_start:783: state of user 'qw': 3
[LOG] client_command_move_down:666: user qw move down
[LOG] session_start:783: state of user 'qw': 3
[LOG] client_command_move_down:666: user qw move down
[LOG] session_start:783: state of user 'qw': 3
[LOG] client_command_move_down:666: user qw move down
[LOG] session_start:783: state of user 'qw': 3
[LOG] client_command_move_down:666: user qw move down
[LOG] session_start:783: state of user 'qw': 3
[LOG] client_command_move_down:666: user qw move down
[LOG] session_start:783: state of user 'qw': 3
[LOG] client_command_move_down:666: user qw move down
[LOG] session_start:783: state of user 'qw': 3
[LOG] client_command_move_down:666: user qw move down
[LOG] session_start:783: state of user 'qw': 3
[LOG] client_command_move_down:666: user qw move down
[LOG] session_start:783: state of user 'qw': 3
[LOG] client_command_move_down:666: user qw move down
[LOG] session_start:783: state of user 'qw': 3
[LOG] client_command_move_left:676: user qw move left
[LOG] session_start:783: state of user 'qw': 3
[LOG] client_command_move_left:676: user qw move left
[LOG] session_start:783: state of user 'qw': 3
[LOG] client_command_move_left:676: user qw move left
[LOG] session_start:783: state of user 'qw': 3
[LOG] client_command_move_left:676: user qw move left
[LOG] session_start:783: state of user 'qw': 3
[LOG] client_command_move_left:676: user qw move left
[LOG] session_start:783: state of user 'qw': 3
[LOG] client_command_move_left:676: user qw move left
[LOG] session_start:783: state of user 'qw': 3
[LOG] client_command_move_left:676: user qw move left
[LOG] session_start:783: state of user 'qw': 3
[LOG] client_command_move_left:676: user qw move left
[LOG] session_start:783: state of user 'qw': 3
[LOG] client_command_move_left:676: user qw move left
[LOG] session_start:783: state of user 'qw': 3
[LOG] client_command_move_left:676: user qw move left
[LOG] session_start:783: state of user 'qw': 3
[LOG] client_command_move_left:676: user qw move left
[LOG] session_start:783: state of user 'qw': 3
[LOG] client_command_move_left:676: user qw move left
[LOG] session_start:783: state of user 'qw': 3
[LOG] client_command_move_left:676: user qw move left
[LOG] session_start:783: state of user 'qw': 3
[LOG] client_command_move_left:676: user qw move left
[LOG] session_start:783: state of user 'qw': 3
[LOG] client_command_move_left:676: user qw move left
[LOG] session_start:783: state of user 'qw': 3
[LOG] client_command_move_left:676: user qw move left
[LOG] session_start:783: state of user 'qw': 3
[LOG] client_command_move_left:676: user qw move left
[LOG] session_start:783: state of user 'qw': 3
[LOG] client_command_move_left:676: user qw move left
[LOG] session_start:783: state of user 'qw': 3
[LOG] client_command_move_left:676: user qw move left
[LOG] session_start:783: state of user 'qw': 3
[LOG] client_command_move_left:676: user qw move left
[LOG] session_start:783: state of user 'qw': 3
[LOG] client_command_move_left:676: user qw move left
[LOG] session_start:783: state of user 'qw': 3
[LOG] client_command_move_left:676: user qw move left
[LOG] session_start:783: state of user 'qw': 3
[LOG] client_command_move_left:676: user qw move left
[LOG] session_start:783: state of user 'qw': 3
[LOG] client_command_move_left:676: user qw move left
[LOG] session_start:783: state of user 'qw': 3
[LOG] client_command_move_left:676: user qw move left
[LOG] session_start:783: state of user 'qw': 3
[LOG] client_command_move_left:676: user qw move left
[LOG] session_start:783: state of user 'qw': 3
[LOG] client_command_move_left:676: user qw move left
[LOG] session_start:783: state of user 'qw': 3
[LOG] client_command_move_left:676: user qw move left
[LOG] session_start:783: state of user 'qw': 3
[LOG] client_command_move_left:676: user qw move left
[LOG] session_start:783: state of user 'qw': 3
[LOG] client_command_move_up:656: user qw move up
[LOG] session_start:783: state of user 'qw': 3
[LOG] client_command_move_up:656: user qw move up
[LOG] session_start:783: state of user 'qw': 3
[LOG] client_command_move_up:656: user qw move up
[LOG] session_start:783: state of user 'qw': 3
[LOG] client_command_move_up:656: user qw move up
[LOG] session_start:783: state of user 'qw': 3
[LOG] client_command_move_up:656: user qw move up
[LOG] session_start:783: state of user 'qw': 3
[LOG] client_command_move_up:656: user qw move up
[LOG] session_start:783: state of user 'qw': 3
[LOG] client_command_move_up:656: user qw move up
[LOG] session_start:783: state of user 'qw': 3
[LOG] client_command_move_up:656: user qw move up
[LOG] session_start:783: state of user 'qw': 3
[LOG] client_command_move_up:656: user qw move up
[LOG] session_start:783: state of user 'qw': 3
[LOG] client_command_move_up:656: user qw move up
[LOG] session_start:783: state of user 'qw': 3
[LOG] client_command_move_up:656: user qw move up
[LOG] session_start:783: state of user 'qw': 3
[LOG] client_command_move_up:656: user qw move up
[LOG] session_start:783: state of user 'qw': 3
[LOG] client_command_move_up:656: user qw move up
[LOG] session_start:783: state of user 'qw': 3
[LOG] client_command_move_up:656: user qw move up
[LOG] session_start:783: state of user 'qw': 3
[LOG] client_command_move_up:656: user qw move up
[LOG] session_start:783: state of user 'qw': 3
[LOG] client_command_move_up:656: user qw move up
[LOG] session_start:783: state of user 'qw': 3
[LOG] client_command_move_up:656: user qw move up
[LOG] session_start:783: state of user 'qw': 3
[LOG] client_command_move_up:656: user qw move up
[LOG] session_start:783: state of user 'qw': 3
[LOG] client_command_move_up:656: user qw move up
[LOG] session_start:783: state of user 'qw': 3
[LOG] client_command_move_up:656: user qw move up
[LOG] session_start:783: state of user 'qw': 3
[LOG] client_command_move_up:656: user qw move up
[LOG] session_start:783: state of user 'qw': 3
[LOG] client_command_move_up:656: user qw move up
[LOG] session_start:783: state of user 'qw': 3
[LOG] client_command_move_up:656: user qw move up
[LOG] session_start:783: state of user 'qw': 3
[LOG] client_command_move_up:656: user qw move up
[LOG] session_start:783: state of user 'qw': 3
[LOG] client_command_move_right:686: user qw move right
[LOG] session_start:783: state of user 'qw': 3
[LOG] client_command_move_right:686: user qw move right
[LOG] session_start:783: state of user 'qw': 3
[LOG] client_command_move_right:686: user qw move right
[LOG] session_start:783: state of user 'qw': 3
[LOG] client_command_move_right:686: user qw move right
[LOG] session_start:783: state of user 'qw': 3
[LOG] client_command_move_right:686: user qw move right
[LOG] session_start:783: state of user 'qw': 3
[LOG] client_command_move_right:686: user qw move right
[LOG] session_start:783: state of user 'qw': 3
[LOG] client_command_move_right:686: user qw move right
[LOG] session_start:783: state of user 'qw': 3
[LOG] client_command_move_right:686: user qw move right
[LOG] session_start:783: state of user 'qw': 3
[LOG] client_command_move_right:686: user qw move right
[LOG] session_start:783: state of user 'qw': 3
[LOG] client_command_move_right:686: user qw move right
[LOG] session_start:783: state of user 'qw': 3
[LOG] client_command_move_right:686: user qw move right
[LOG] session_start:783: state of user 'qw': 3
[LOG] client_command_move_right:686: user qw move right
[LOG] session_start:783: state of user 'qw': 3
[LOG] client_command_move_right:686: user qw move right
[LOG] session_start:783: state of user 'qw': 3
[LOG] client_command_move_right:686: user qw move right
[LOG] session_start:783: state of user 'qw': 3
[LOG] client_command_move_right:686: user qw move right
[LOG] session_start:783: state of user 'qw': 3
[LOG] client_command_move_right:686: user qw move right
[LOG] session_start:783: state of user 'qw': 3
[LOG] client_command_move_right:686: user qw move right
[LOG] session_start:783: state of user 'qw': 3
[LOG] client_command_move_right:686: user qw move right
[LOG] session_start:783: state of user 'qw': 3
[LOG] client_command_move_right:686: user qw move right
[LOG] session_start:783: state of user 'qw': 3
[LOG] client_command_move_right:686: user qw move right
[LOG] session_start:783: state of user 'qw': 3
[LOG] client_command_move_right:686: user qw move right
[LOG] session_start:783: state of user 'qw': 3
[LOG] client_command_move_right:686: user qw move right
[LOG] session_start:783: state of user 'qw': 3
[LOG] client_command_move_right:686: user qw move right
[LOG] session_start:783: state of user 'qw': 3
[LOG] client_command_move_right:686: user qw move right
[LOG] session_start:783: state of user 'qw': 3
[LOG] client_command_move_right:686: user qw move right
[LOG] session_start:783: state of user 'qw': 3
[LOG] client_command_move_right:686: user qw move right
[LOG] session_start:783: state of user 'qw': 3
[LOG] client_command_move_right:686: user qw move right
[LOG] session_start:783: state of user 'qw': 3
[LOG] client_command_move_right:686: user qw move right
[LOG] session_start:783: state of user 'qw': 3
[LOG] client_command_move_right:686: user qw move right
[LOG] session_start:783: state of user 'qw': 3
[LOG] client_command_move_right:686: user qw move right
[LOG] session_start:783: state of user 'qw': 3
[LOG] client_command_move_right:686: user qw move right
[LOG] session_start:783: state of user 'qw': 3
[LOG] client_command_move_right:686: user qw move right
[LOG] session_start:783: state of user 'qw': 3
[LOG] client_command_move_right:686: user qw move right
[LOG] session_start:783: state of user 'qw': 3
[LOG] client_command_move_right:686: user qw move right
[LOG] session_start:783: state of user 'qw': 3
[LOG] client_command_move_right:686: user qw move right
[LOG] session_start:783: state of user 'qw': 3
[LOG] client_command_move_right:686: user qw move right
[LOG] session_start:783: state of user 'qw': 3
[LOG] client_command_move_right:686: user qw move right
[LOG] session_start:783: state of user 'qw': 3
[LOG] client_command_move_right:686: user qw move right
[LOG] session_start:783: state of user 'qw': 3
[LOG] client_command_move_right:686: user qw move right
[LOG] session_start:783: state of user 'qw': 3
[LOG] client_command_move_right:686: user qw move right
[LOG] session_start:783: state of user 'qw': 3
[LOG] client_command_move_right:686: user qw move right
[LOG] session_start:783: state of user 'qw': 3
[LOG] client_command_move_right:686: user qw move right
[LOG] session_start:783: state of user 'qw': 3
[LOG] client_command_move_right:686: user qw move right
[LOG] session_start:783: state of user 'qw': 3
[LOG] client_command_move_right:686: user qw move right
[LOG] session_start:783: state of user 'qw': 3
[LOG] client_command_move_right:686: user qw move right
[LOG] session_start:783: state of user 'qw': 3
[LOG] client_command_move_right:686: user qw move right
[LOG] session_start:783: state of user 'qw': 3
[LOG] client_command_move_right:686: user qw move right
[LOG] session_start:783: state of user 'qw': 3
[LOG] client_command_move_right:686: user qw move right
[LOG] session_start:783: state of user 'qw': 3
[LOG] client_command_move_right:686: user qw move right
[LOG] session_start:783: state of user 'qw': 3
[LOG] client_command_move_right:686: user qw move right
[LOG] session_start:783: state of user 'qw': 3
[LOG] client_command_move_right:686: user qw move right
[LOG] session_start:783: state of user 'qw': 3
[LOG] client_command_move_right:686: user qw move right
[LOG] session_start:783: state of user 'qw': 3
[LOG] client_command_move_right:686: user qw move right
[LOG] session_start:783: state of user 'qw': 3
[LOG] client_command_move_right:686: user qw move right
[LOG] session_start:783: state of user 'qw': 3
[LOG] client_command_move_right:686: user qw move right
[LOG] session_start:783: state of user 'qw': 3
[LOG] client_command_move_right:686: user qw move right
[LOG] session_start:783: state of user 'qw': 3
[LOG] client_command_move_right:686: user qw move right
[LOG] session_start:783: state of user 'qw': 3
[LOG] client_command_move_right:686: user qw move right
[LOG] session_start:783: state of user 'qw': 3
[LOG] client_command_move_right:686: user qw move right
[LOG] session_start:783: state of user 'qw': 3
[LOG] client_command_move_right:686: user qw move right
[LOG] session_start:783: state of user 'qw': 3
[LOG] client_command_move_right:686: user qw move right
[LOG] session_start:783: state of user 'qw': 3
[LOG] client_command_move_right:686: user qw move right
[LOG] session_start:783: state of user 'qw': 3
[LOG] client_command_move_right:686: user qw move right
[LOG] session_start:783: state of user 'qw': 3
[LOG] client_command_move_right:686: user qw move right
[LOG] session_start:783: state of user 'qw': 3
[LOG] client_command_move_right:686: user qw move right
[LOG] session_start:783: state of user 'qw': 3
[LOG] client_command_move_right:686: user qw move right
[LOG] session_start:783: state of user 'qw': 3
[LOG] client_command_move_right:686: user qw move right
[LOG] session_start:783: state of user 'qw': 3
[LOG] client_command_move_right:686: user qw move right
[LOG] session_start:783: state of user 'qw': 3
[LOG] client_command_move_right:686: user qw move right
[LOG] session_start:783: state of user 'qw': 3
[LOG] client_command_move_right:686: user qw move right
[LOG] session_start:783: state of user 'qw': 3
[LOG] client_command_move_right:686: user qw move right
[LOG] session_start:783: state of user 'qw': 3
[LOG] client_command_move_right:686: user qw move right
[LOG] session_start:783: state of user 'qw': 3
[LOG] client_command_fire:696: user qw fire
[LOG] session_start:783: state of user 'qw': 3
[LOG] client_command_fire:696: user qw fire
[LOG] session_start:783: state of user 'qw': 3
[LOG] client_command_fire:696: user qw fire
[LOG] session_start:783: state of user 'qw': 3
[LOG] client_command_fire:696: user qw fire
[LOG] session_start:783: state of user 'qw': 3
[LOG] client_command_move_down:666: user qw move down
[LOG] session_start:783: state of user 'qw': 3
[LOG] client_command_move_down:666: user qw move down
[LOG] session_start:783: state of user 'qw': 3
[LOG] client_command_move_down:666: user qw move down
[LOG] session_start:783: state of user 'qw': 3
[LOG] client_command_move_down:666: user qw move down
[LOG] session_start:783: state of user 'qw': 3
[LOG] client_command_move_down:666: user qw move down
[LOG] session_start:783: state of user 'qw': 3
[LOG] client_command_move_down:666: user qw move down
[LOG] session_start:783: state of user 'qw': 3
[LOG] client_command_move_down:666: user qw move down
[LOG] session_start:783: state of user 'qw': 3
[LOG] client_command_move_down:666: user qw move down
[LOG] session_start:783: state of user 'qw': 3
[LOG] client_command_move_down:666: user qw move down
[LOG] session_start:783: state of user 'qw': 3
[LOG] client_command_move_down:666: user qw move down
[LOG] session_start:783: state of user 'qw': 3
[LOG] client_command_fire:696: user qw fire
[LOG] session_start:783: state of user 'qw': 3
[LOG] client_command_move_left:676: user qw move left
[LOG] session_start:783: state of user 'qw': 3
[LOG] client_command_move_down:666: user qw move down
[LOG] session_start:783: state of user 'qw': 3
[LOG] client_command_move_down:666: user qw move down
[LOG] session_start:783: state of user 'qw': 3
[LOG] client_command_move_down:666: user qw move down
[LOG] session_start:783: state of user 'qw': 3
[LOG] client_command_move_down:666: user qw move down
[LOG] session_start:783: state of user 'qw': 3
[LOG] client_command_move_left:676: user qw move left
[LOG] session_start:783: state of user 'qw': 3
[LOG] client_command_move_left:676: user qw move left
[LOG] session_start:783: state of user 'qw': 3
[LOG] client_command_move_left:676: user qw move left
[LOG] session_start:783: state of user 'qw': 3
[LOG] client_command_move_left:676: user qw move left
[LOG] session_start:783: state of user 'qw': 3
[LOG] client_command_move_left:676: user qw move left
[LOG] session_start:783: state of user 'qw': 3
[LOG] client_command_move_left:676: user qw move left
[LOG] session_start:783: state of user 'qw': 3
[LOG] client_command_move_left:676: user qw move left
[LOG] session_start:783: state of user 'qw': 3
[LOG] client_command_move_left:676: user qw move left
[LOG] session_start:783: state of user 'qw': 3
[LOG] client_command_move_left:676: user qw move left
[LOG] session_start:783: state of user 'qw': 3
[LOG] client_command_move_left:676: user qw move left
[LOG] session_start:783: state of user 'qw': 3
[LOG] client_command_move_left:676: user qw move left
[LOG] session_start:783: state of user 'qw': 3
[LOG] client_command_move_left:676: user qw move left
[LOG] session_start:783: state of user 'qw': 3
[LOG] client_command_move_left:676: user qw move left
[LOG] session_start:783: state of user 'qw': 3
[LOG] client_command_move_left:676: user qw move left
[LOG] session_start:783: state of user 'qw': 3
[LOG] client_command_move_left:676: user qw move left
[LOG] session_start:783: state of user 'qw': 3
[LOG] client_command_move_left:676: user qw move left
[LOG] session_start:783: state of user 'qw': 3
[LOG] client_command_fire:696: user qw fire
[LOG] session_start:783: state of user 'qw': 3
[LOG] client_command_fire:696: user qw fire
[LOG] session_start:783: state of user 'qw': 3
[LOG] client_command_fire:696: user qw fire
[LOG] session_start:783: state of user 'qw': 3
[LOG] client_command_fire:696: user qw fire
[LOG] session_start:783: state of user 'qw': 3
[LOG] client_command_fire:696: user qw fire
[LOG] session_start:783: state of user 'qw': 3
[LOG] client_command_fire:696: user qw fire
[LOG] session_start:783: state of user 'qw': 3
[LOG] client_command_fire:696: user qw fire
[LOG] session_start:783: state of user 'qw': 3
[LOG] client_command_fire:696: user qw fire
[LOG] session_start:783: state of user 'qw': 3
[LOG] client_command_fire:696: user qw fire
[LOG] session_start:783: state of user 'qw': 3
[LOG] client_command_fire:696: user qw fire
[LOG] session_start:783: state of user 'qw': 3
[LOG] client_command_fire:696: user qw fire
[LOG] session_start:783: state of user 'qw': 3
[LOG] client_command_fire:696: user qw fire
[LOG] session_start:783: state of user 'qw': 3
[LOG] client_command_fire:696: user qw fire
[LOG] session_start:783: state of user 'qw': 3
[LOG] client_command_move_down:666: user as move down
[LOG] session_start:783: state of user 'as': 3
[LOG] client_command_move_down:666: user as move down
[LOG] session_start:783: state of user 'as': 3
[LOG] client_command_move_down:666: user as move down
[LOG] session_start:783: state of user 'as': 3
[LOG] client_command_move_down:666: user as move down
[LOG] session_start:783: state of user 'as': 3
[LOG] client_command_move_down:666: user as move down
[LOG] session_start:783: state of user 'as': 3
[LOG] client_command_move_down:666: user as move down
[LOG] session_start:783: state of user 'as': 3
[LOG] client_command_move_down:666: user as move down
[LOG] session_start:783: state of user 'as': 3
[LOG] client_command_move_down:666: user as move down
[LOG] session_start:783: state of user 'as': 3
[LOG] client_command_move_down:666: user as move down
[LOG] session_start:783: state of user 'as': 3
[LOG] client_command_move_down:666: user as move down
[LOG] session_start:783: state of user 'as': 3
[LOG] client_command_move_down:666: user as move down
[LOG] session_start:783: state of user 'as': 3
[LOG] client_command_move_down:666: user as move down
[LOG] session_start:783: state of user 'as': 3
[LOG] client_command_move_down:666: user as move down
[LOG] session_start:783: state of user 'as': 3
[LOG] client_command_move_down:666: user as move down
[LOG] session_start:783: state of user 'as': 3
[LOG] client_command_move_down:666: user as move down
[LOG] session_start:783: state of user 'as': 3
[LOG] client_command_move_down:666: user as move down
[LOG] session_start:783: state of user 'as': 3
[LOG] client_command_move_down:666: user as move down
[LOG] session_start:783: state of user 'as': 3
[LOG] client_command_move_down:666: user as move down
[LOG] session_start:783: state of user 'as': 3
[LOG] client_command_move_down:666: user as move down
[LOG] session_start:783: state of user 'as': 3
[LOG] client_command_move_down:666: user as move down
[LOG] session_start:783: state of user 'as': 3
[LOG] client_command_move_down:666: user as move down
[LOG] session_start:783: state of user 'as': 3
[LOG] client_command_move_down:666: user as move down
[LOG] session_start:783: state of user 'as': 3
[LOG] client_command_move_down:666: user as move down
[LOG] session_start:783: state of user 'as': 3
[LOG] client_command_move_down:666: user as move down
[LOG] session_start:783: state of user 'as': 3
[LOG] client_command_move_down:666: user as move down
[LOG] session_start:783: state of user 'as': 3
[LOG] client_command_move_down:666: user as move down
[LOG] session_start:783: state of user 'as': 3
[LOG] client_command_move_left:676: user as move left
[LOG] session_start:783: state of user 'as': 3
[LOG] client_command_move_up:656: user as move up
[LOG] session_start:783: state of user 'as': 3
[LOG] client_command_move_up:656: user as move up
[LOG] session_start:783: state of user 'as': 3
[LOG] client_command_move_up:656: user as move up
[LOG] session_start:783: state of user 'as': 3
[LOG] client_command_move_up:656: user as move up
[LOG] session_start:783: state of user 'as': 3
[LOG] client_command_move_up:656: user as move up
[LOG] session_start:783: state of user 'as': 3
[LOG] client_command_move_up:656: user as move up
[LOG] session_start:783: state of user 'as': 3
[LOG] client_command_move_up:656: user as move up
[LOG] session_start:783: state of user 'as': 3
[LOG] client_command_move_up:656: user as move up
[LOG] session_start:783: state of user 'as': 3
[LOG] client_command_move_up:656: user as move up
[LOG] session_start:783: state of user 'as': 3
[LOG] client_command_move_up:656: user as move up
[LOG] session_start:783: state of user 'as': 3
[LOG] client_command_move_up:656: user as move up
[LOG] session_start:783: state of user 'as': 3
[LOG] client_command_move_up:656: user as move up
[LOG] session_start:783: state of user 'as': 3
[LOG] client_command_move_up:656: user as move up
[LOG] session_start:783: state of user 'as': 3
[LOG] client_command_move_up:656: user as move up
[LOG] session_start:783: state of user 'as': 3
[LOG] client_command_move_up:656: user as move up
[LOG] session_start:783: state of user 'as': 3
[LOG] client_command_move_up:656: user as move up
[LOG] session_start:783: state of user 'as': 3
[LOG] client_command_move_up:656: user as move up
[LOG] session_start:783: state of user 'as': 3
[LOG] client_command_move_up:656: user as move up
[LOG] session_start:783: state of user 'as': 3
[LOG] client_command_move_up:656: user as move up
[LOG] session_start:783: state of user 'as': 3
[LOG] client_command_move_up:656: user as move up
[LOG] session_start:783: state of user 'as': 3
[LOG] client_command_move_up:656: user as move up
[LOG] session_start:783: state of user 'as': 3
[LOG] client_command_move_left:676: user as move left
[LOG] session_start:783: state of user 'as': 3
[LOG] client_command_quit_battle:569: user 0@as tries to quit battle
[LOG] client_command_quit_battle:574: ==> call user_quit_battle to quit
[LOG] user_quit_battle:73: user as quit from battle 0(6 users)
[LOG] session_start:783: state of user 'as': 2
[LOG] client_command_quit_battle:569: user 1@qw tries to quit battle
[LOG] client_command_quit_battle:574: ==> call user_quit_battle to quit
[LOG] user_quit_battle:73: user qw quit from battle 0(5 users)
[LOG] session_start:783: state of user 'qw': 2


